<?xml version="1.0" encoding="UTF-8"?>
<testsuite name="com.example.persona.ApiModelTest" tests="2" skipped="0" failures="0" errors="0" timestamp="2026-04-18T10:25:11" hostname="r-lamp29475-cc-connet-gkpnywbo-72307-jff2w" time="0.003">
  <properties/>
  <testcase name="runStatusCompletedIsTerminal" classname="com.example.persona.ApiModelTest" time="0.002"/>
  <testcase name="continueLastResponseMapsConversationId" classname="com.example.persona.ApiModelTest" time="0.0"/>
  <system-out><![CDATA[]]></system-out>
  <system-err><![CDATA[]]></system-err>
</testsuite>
